[debug] ----------------------------------------------------------------------
[debug] Command:      /usr/local/bin/node /usr/local/bin/firebase deploy
[debug] Platform:     darwin
[debug] Node Version: v5.0.0
[debug] Time:         Wed Mar 02 2016 23:43:54 GMT-0600 (CST)
[debug] ----------------------------------------------------------------------
[debug] 
[debug] >>> HTTP REQUEST GET https://admin.firebase.com/firebase/spa-a11y-react/token?token=XXX 
[debug] <<< HTTP RESPONSE 200
[debug] >>> HTTP REQUEST GET https://admin.firebase.com/firebase/spa-a11y-react/token?token=XXX 
[debug] <<< HTTP RESPONSE 200
[info] 
[info] === Deploying to 'spa-a11y-react'...
[info] 
[info] i  deploying 
[debug] >>> HTTP REQUEST POST https://deploy.firebase.com/firebase/spa-a11y-react/releases?token=XXX
[debug] TypeError: Cannot read property 'error' of undefined
    at Request._callback (/usr/local/lib/node_modules/firebase-tools/lib/api.js:31:22)
    at Request.self.callback (/usr/local/lib/node_modules/firebase-tools/node_modules/request/request.js:198:22)
    at emitTwo (events.js:87:13)
    at Request.emit (events.js:172:7)
    at Request.<anonymous> (/usr/local/lib/node_modules/firebase-tools/node_modules/request/request.js:1035:10)
    at emitOne (events.js:82:20)
    at Request.emit (events.js:169:7)
    at IncomingMessage.<anonymous> (/usr/local/lib/node_modules/firebase-tools/node_modules/request/request.js:962:12)
    at emitNone (events.js:72:20)
    at IncomingMessage.emit (events.js:166:7)
[error] 
[error] Error: An unexpected error has occurred.
